<?xml version="1.0" encoding="UTF-8"?>
<!-- Generated by org.testng.reporters.JUnitReportReporter -->
<testsuite hostname="DESKTOP-R074SIO" failures="0" tests="7"
	name="com.amazon.lower.env.user.regression.DBCSoftLoginTest"
	time="0.008" errors="1" timestamp="2023-09-14T18:01:28 EDT" skipped="6">
	<testcase
		classname="com.amazon.lower.env.user.regression.DBCSoftLoginTest"
		name="login" time="0.008">
		<error
			message="Cannot invoke &quot;org.openqa.selenium.WebDriver.manage()&quot; because &quot;com.amazon.lower.env.base.BaseTest.driver&quot; is null"
			type="java.lang.NullPointerException">
      <![CDATA[java.lang.NullPointerException: Cannot invoke "org.openqa.selenium.WebDriver.manage()" because "com.amazon.lower.env.base.BaseTest.driver" is null
at com.amazon.lower.env.base.BaseTest.login(BaseTest.java:154)
at java.base/jdk.internal.reflect.DirectMethodHandleAccessor.invoke(DirectMethodHandleAccessor.java:104)
at java.base/java.lang.reflect.Method.invoke(Method.java:578)
at org.testng.internal.MethodInvocationHelper.invokeMethod(MethodInvocationHelper.java:133)
at org.testng.internal.MethodInvocationHelper.invokeMethodConsideringTimeout(MethodInvocationHelper.java:62)
at org.testng.internal.ConfigInvoker.invokeConfigurationMethod(ConfigInvoker.java:385)
at org.testng.internal.ConfigInvoker.invokeConfigurations(ConfigInvoker.java:321)
at org.testng.internal.TestMethodWorker.invokeBeforeClassMethods(TestMethodWorker.java:176)
at org.testng.internal.TestMethodWorker.run(TestMethodWorker.java:122)
at java.base/java.util.ArrayList.forEach(ArrayList.java:1511)
at org.testng.TestRunner.privateRun(TestRunner.java:794)
at org.testng.TestRunner.run(TestRunner.java:596)
at org.testng.SuiteRunner.runTest(SuiteRunner.java:377)
at org.testng.SuiteRunner.runSequentially(SuiteRunner.java:371)
at org.testng.SuiteRunner.privateRun(SuiteRunner.java:332)
at org.testng.SuiteRunner.run(SuiteRunner.java:276)
at org.testng.SuiteRunnerWorker.runSuite(SuiteRunnerWorker.java:53)
at org.testng.SuiteRunnerWorker.run(SuiteRunnerWorker.java:96)
at org.testng.TestNG.runSuitesSequentially(TestNG.java:1212)
at org.testng.TestNG.runSuitesLocally(TestNG.java:1134)
at org.testng.TestNG.runSuites(TestNG.java:1063)
at org.testng.TestNG.run(TestNG.java:1031)
at org.testng.remote.AbstractRemoteTestNG.run(AbstractRemoteTestNG.java:115)
at org.testng.remote.RemoteTestNG.initAndRun(RemoteTestNG.java:251)
at org.testng.remote.RemoteTestNG.main(RemoteTestNG.java:77)
]]>
		</error>
	</testcase> <!-- login -->
	<system-out />
	<testcase
		classname="com.amazon.lower.env.user.regression.DBCSoftLoginTest"
		name="loginInternalUser" time="0.000">
		<skipped />
	</testcase> <!-- loginInternalUser -->
	<system-out />
	<testcase
		classname="com.amazon.lower.env.user.regression.DBCSoftLoginTest"
		name="logoutUser" time="0.000">
		<skipped />
	</testcase> <!-- logoutUser -->
	<system-out />
	<testcase
		classname="com.amazon.lower.env.user.regression.DBCSoftLoginTest"
		name="addUser">
		<skipped />
	</testcase> <!-- addUser -->
	<system-out />
	<testcase
		classname="com.amazon.lower.env.user.regression.DBCSoftLoginTest"
		name="searchUser">
		<skipped />
	</testcase> <!-- searchUser -->
	<system-out />
	<testcase
		classname="com.amazon.lower.env.user.regression.DBCSoftLoginTest"
		name="editUser">
		<skipped />
	</testcase> <!-- editUser -->
	<system-out />
	<testcase
		classname="com.amazon.lower.env.user.regression.DBCSoftLoginTest"
		name="deleteUser">
		<skipped />
	</testcase> <!-- deleteUser -->
	<system-out />
</testsuite> <!-- com.amazon.lower.env.user.regression.DBCSoftLoginTest -->
